<?xml version="1.0" encoding="UTF-8"?>
<!-- Generated by org.testng.reporters.JUnitXMLReporter -->
<testsuite ignored="1" hostname="LAP-TZ-0X82240" failures="0" tests="1" name="Test" time="18.259" errors="0" timestamp="19 Sep 2023 06:51:27 GMT">
  <testcase classname="RahulShettyAcademy.tests.SubmitOrderTest" name="submitOrder" time="7.861"/>
  <testcase classname="RahulShettyAcademy.TestComponents.BaseTest" name="@BeforeTest launchApplication" time="0.0">
    <ignored/>
  </testcase> <!-- @BeforeTest launchApplication -->
</testsuite> <!-- Test -->
