<?xml version="1.0" encoding="UTF-8"?>
<testng-results ignored="1" total="2" passed="1" failed="0" skipped="0">
  <reporter-output>
  </reporter-output>
  <suite started-at="2023-09-19T06:51:09Z" name="Suite" finished-at="2023-09-19T06:51:27Z" duration-ms="18259">
    <groups>
    </groups>
    <test started-at="2023-09-19T06:51:09Z" name="Test" finished-at="2023-09-19T06:51:27Z" duration-ms="18259">
      <class name="RahulShettyAcademy.tests.SubmitOrderTest">
        <test-method is-config="true" signature="launchApplication()[pri:0, instance:RahulShettyAcademy.tests.SubmitOrderTest@727eb8cb]" started-at="2023-09-19T06:51:09Z" name="launchApplication" finished-at="2023-09-19T06:51:19Z" duration-ms="9975" status="PASS">
          <reporter-output>
          </reporter-output>
        </test-method> <!-- launchApplication -->
        <test-method signature="submitOrder()[pri:0, instance:RahulShettyAcademy.tests.SubmitOrderTest@727eb8cb]" started-at="2023-09-19T06:51:19Z" name="submitOrder" finished-at="2023-09-19T06:51:26Z" duration-ms="7861" status="PASS">
          <reporter-output>
          </reporter-output>
        </test-method> <!-- submitOrder -->
        <test-method is-config="true" signature="tearDown()[pri:0, instance:RahulShettyAcademy.tests.SubmitOrderTest@727eb8cb]" started-at="2023-09-19T06:51:26Z" name="tearDown" finished-at="2023-09-19T06:51:27Z" duration-ms="401" status="PASS">
          <reporter-output>
          </reporter-output>
        </test-method> <!-- tearDown -->
      </class> <!-- RahulShettyAcademy.tests.SubmitOrderTest -->
    </test> <!-- Test -->
  </suite> <!-- Suite -->
</testng-results>
