<?xml version="1.0" encoding="UTF-8"?>
<testng-results ignored="0" total="1" passed="1" failed="0" skipped="0">
  <reporter-output>
  </reporter-output>
  <suite started-at="2023-09-16T15:29:11Z" name="Default suite" finished-at="2023-09-16T15:29:27Z" duration-ms="16127">
    <groups>
    </groups>
    <test started-at="2023-09-16T15:29:11Z" name="Default test" finished-at="2023-09-16T15:29:27Z" duration-ms="16127">
      <class name="RahulShettyAcademy.tests.SubmitOrderTest">
        <test-method is-config="true" signature="launchApplication()[pri:0, instance:RahulShettyAcademy.tests.SubmitOrderTest@106cc338]" started-at="2023-09-16T15:29:11Z" name="launchApplication" finished-at="2023-09-16T15:29:19Z" duration-ms="7932" status="PASS">
          <reporter-output>
          </reporter-output>
        </test-method> <!-- launchApplication -->
        <test-method signature="submitOrder()[pri:0, instance:RahulShettyAcademy.tests.SubmitOrderTest@106cc338]" started-at="2023-09-16T15:29:19Z" name="submitOrder" finished-at="2023-09-16T15:29:27Z" duration-ms="7639" status="PASS">
          <reporter-output>
          </reporter-output>
        </test-method> <!-- submitOrder -->
        <test-method is-config="true" signature="tearDown()[pri:0, instance:RahulShettyAcademy.tests.SubmitOrderTest@106cc338]" started-at="2023-09-16T15:29:27Z" name="tearDown" finished-at="2023-09-16T15:29:27Z" duration-ms="518" status="PASS">
          <reporter-output>
          </reporter-output>
        </test-method> <!-- tearDown -->
      </class> <!-- RahulShettyAcademy.tests.SubmitOrderTest -->
    </test> <!-- Default test -->
  </suite> <!-- Default suite -->
</testng-results>
